# JRE version: Java(TM) SE Runtime Environment (8.0_201-b09) (build 1.8.0_201-b09)
# Java VM: Java HotSpot(TM) 64-Bit Server VM (25.201-b09 mixed mode linux-amd64 compressed oops)
Heap:
 PSYoungGen      total 225792K, used 10311K [0x00000000d5580000, 0x00000000e4400000, 0x0000000100000000)
  eden space 213504K, 0% used [0x00000000d5580000,0x00000000d5580000,0x00000000e2600000)
  from space 12288K, 83% used [0x00000000e3800000,0x00000000e4211ed0,0x00000000e4400000)
  to   space 15360K, 0% used [0x00000000e2600000,0x00000000e2600000,0x00000000e3500000)
 ParOldGen       total 55296K, used 15489K [0x0000000080000000, 0x0000000083600000, 0x00000000d5580000)
  object space 55296K, 28% used [0x0000000080000000,0x0000000080f20690,0x0000000083600000)
 Metaspace       used 34544K, capacity 35400K, committed 35496K, reserved 1079296K
  class space    used 4851K, capacity 5160K, committed 5168K, reserved 1048576K
GC Heap History (10 events):
Event: 5,302 GC heap after
Heap after GC invocations=3 (full 0):
 PSYoungGen      total 68608K, used 5092K [0x00000000d5580000, 0x00000000ddb80000, 0x0000000100000000)
  eden space 63488K, 0% used [0x00000000d5580000,0x00000000d5580000,0x00000000d9380000)
  from space 5120K, 99% used [0x00000000d9380000,0x00000000d9879040,0x00000000d9880000)
  to   space 5120K, 0% used [0x00000000dd680000,0x00000000dd680000,0x00000000ddb80000)
 ParOldGen       total 84992K, used 8422K [0x0000000080000000, 0x0000000085300000, 0x00000000d5580000)
  object space 84992K, 9% used [0x0000000080000000,0x0000000080839820,0x0000000085300000)
 Metaspace       used 20662K, capacity 21022K, committed 21248K, reserved 1067008K
  class space    used 2916K, capacity 3046K, committed 3072K, reserved 1048576K
}
Event: 5,391 GC heap before
{Heap before GC invocations=4 (full 0):
 PSYoungGen      total 68608K, used 10507K [0x00000000d5580000, 0x00000000ddb80000, 0x0000000100000000)
  eden space 63488K, 8% used [0x00000000d5580000,0x00000000d5ac9ed8,0x00000000d9380000)
  from space 5120K, 99% used [0x00000000d9380000,0x00000000d9879040,0x00000000d9880000)
  to   space 5120K, 0% used [0x00000000dd680000,0x00000000dd680000,0x00000000ddb80000)
 ParOldGen       total 84992K, used 8422K [0x0000000080000000, 0x0000000085300000, 0x00000000d5580000)
  object space 84992K, 9% used [0x0000000080000000,0x0000000080839820,0x0000000085300000)
 Metaspace       used 20861K, capacity 21182K, committed 21296K, reserved 1067008K
  class space    used 2935K, capacity 3078K, committed 3120K, reserved 1048576K
Event: 5,405 GC heap after
Heap after GC invocations=4 (full 0):
 PSYoungGen      total 132096K, used 5100K [0x00000000d5580000, 0x00000000ddb80000, 0x0000000100000000)
  eden space 126976K, 0% used [0x00000000d5580000,0x00000000d5580000,0x00000000dd180000)
  from space 5120K, 99% used [0x00000000dd680000,0x00000000ddb7b000,0x00000000ddb80000)
  to   space 5120K, 0% used [0x00000000dd180000,0x00000000dd180000,0x00000000dd680000)
 ParOldGen       total 84992K, used 9600K [0x0000000080000000, 0x0000000085300000, 0x00000000d5580000)
  object space 84992K, 11% used [0x0000000080000000,0x0000000080960040,0x0000000085300000)
 Metaspace       used 20861K, capacity 21182K, committed 21296K, reserved 1067008K
  class space    used 2935K, capacity 3078K, committed 3120K, reserved 1048576K
}
Event: 5,406 GC heap before
{Heap before GC invocations=5 (full 1):
 PSYoungGen      total 132096K, used 5100K [0x00000000d5580000, 0x00000000ddb80000, 0x0000000100000000)
  eden space 126976K, 0% used [0x00000000d5580000,0x00000000d5580000,0x00000000dd180000)
  from space 5120K, 99% used [0x00000000dd680000,0x00000000ddb7b000,0x00000000ddb80000)
  to   space 5120K, 0% used [0x00000000dd180000,0x00000000dd180000,0x00000000dd680000)
 ParOldGen       total 84992K, used 9600K [0x0000000080000000, 0x0000000085300000, 0x00000000d5580000)
  object space 84992K, 11% used [0x0000000080000000,0x0000000080960040,0x0000000085300000)
 Metaspace       used 20861K, capacity 21182K, committed 21296K, reserved 1067008K
  class space    used 2935K, capacity 3078K, committed 3120K, reserved 1048576K
Event: 5,484 GC heap after
Heap after GC invocations=5 (full 1):
 PSYoungGen      total 132096K, used 0K [0x00000000d5580000, 0x00000000ddb80000, 0x0000000100000000)
  eden space 126976K, 0% used [0x00000000d5580000,0x00000000d5580000,0x00000000dd180000)
  from space 5120K, 0% used [0x00000000dd680000,0x00000000dd680000,0x00000000ddb80000)
  to   space 5120K, 0% used [0x00000000dd180000,0x00000000dd180000,0x00000000dd680000)
 ParOldGen       total 55296K, used 7939K [0x0000000080000000, 0x0000000083600000, 0x00000000d5580000)
  object space 55296K, 14% used [0x0000000080000000,0x00000000807c0f28,0x0000000083600000)
 Metaspace       used 20861K, capacity 21182K, committed 21296K, reserved 1067008K
  class space    used 2935K, capacity 3078K, committed 3120K, reserved 1048576K
}
Event: 9,759 GC heap before
{Heap before GC invocations=6 (full 1):
 PSYoungGen      total 132096K, used 126976K [0x00000000d5580000, 0x00000000ddb80000, 0x0000000100000000)
  eden space 126976K, 100% used [0x00000000d5580000,0x00000000dd180000,0x00000000dd180000)
  from space 5120K, 0% used [0x00000000dd680000,0x00000000dd680000,0x00000000ddb80000)
  to   space 5120K, 0% used [0x00000000dd180000,0x00000000dd180000,0x00000000dd680000)
 ParOldGen       total 55296K, used 7939K [0x0000000080000000, 0x0000000083600000, 0x00000000d5580000)
  object space 55296K, 14% used [0x0000000080000000,0x00000000807c0f28,0x0000000083600000)
 Metaspace       used 29200K, capacity 29866K, committed 30000K, reserved 1075200K
  class space    used 4134K, capacity 4366K, committed 4400K, reserved 1048576K
Event: 9,789 GC heap after
Heap after GC invocations=6 (full 1):
 PSYoungGen      total 132096K, used 5088K [0x00000000d5580000, 0x00000000e4700000, 0x0000000100000000)
  eden space 126976K, 0% used [0x00000000d5580000,0x00000000d5580000,0x00000000dd180000)
  from space 5120K, 99% used [0x00000000dd180000,0x00000000dd678020,0x00000000dd680000)
  to   space 15360K, 0% used [0x00000000e3800000,0x00000000e3800000,0x00000000e4700000)
 ParOldGen       total 55296K, used 15481K [0x0000000080000000, 0x0000000083600000, 0x00000000d5580000)
  object space 55296K, 27% used [0x0000000080000000,0x0000000080f1e690,0x0000000083600000)
 Metaspace       used 29200K, capacity 29866K, committed 30000K, reserved 1075200K
  class space    used 4134K, capacity 4366K, committed 4400K, reserved 1048576K
}
Event: 11,144 GC heap before
{Heap before GC invocations=7 (full 1):
 PSYoungGen      total 132096K, used 43922K [0x00000000d5580000, 0x00000000e4700000, 0x0000000100000000)
  eden space 126976K, 30% used [0x00000000d5580000,0x00000000d7b6ca90,0x00000000dd180000)
  from space 5120K, 99% used [0x00000000dd180000,0x00000000dd678020,0x00000000dd680000)
  to   space 15360K, 0% used [0x00000000e3800000,0x00000000e3800000,0x00000000e4700000)
 ParOldGen       total 55296K, used 15481K [0x0000000080000000, 0x0000000083600000, 0x00000000d5580000)
  object space 55296K, 27% used [0x0000000080000000,0x0000000080f1e690,0x0000000083600000)
 Metaspace       used 34544K, capacity 35400K, committed 35496K, reserved 1079296K
  class space    used 4851K, capacity 5160K, committed 5168K, reserved 1048576K
Event: 11,169 GC heap after
Heap after GC invocations=7 (full 1):
 PSYoungGen      total 225792K, used 10311K [0x00000000d5580000, 0x00000000e4400000, 0x0000000100000000)
  eden space 213504K, 0% used [0x00000000d5580000,0x00000000d5580000,0x00000000e2600000)
  from space 12288K, 83% used [0x00000000e3800000,0x00000000e4211ed0,0x00000000e4400000)
  to   space 15360K, 0% used [0x00000000e2600000,0x00000000e2600000,0x00000000e3500000)
 ParOldGen       total 55296K, used 15489K [0x0000000080000000, 0x0000000083600000, 0x00000000d5580000)
  object space 55296K, 28% used [0x0000000080000000,0x0000000080f20690,0x0000000083600000)
 Metaspace       used 34544K, capacity 35400K, committed 35496K, reserved 1079296K
  class space    used 4851K, capacity 5160K, committed 5168K, reserved 1048576K
}
Event: 11,169 GC heap before
{Heap before GC invocations=8 (full 2):
 PSYoungGen      total 225792K, used 10311K [0x00000000d5580000, 0x00000000e4400000, 0x0000000100000000)
  eden space 213504K, 0% used [0x00000000d5580000,0x00000000d5580000,0x00000000e2600000)
  from space 12288K, 83% used [0x00000000e3800000,0x00000000e4211ed0,0x00000000e4400000)
  to   space 15360K, 0% used [0x00000000e2600000,0x00000000e2600000,0x00000000e3500000)
 ParOldGen       total 55296K, used 15489K [0x0000000080000000, 0x0000000083600000, 0x00000000d5580000)
  object space 55296K, 28% used [0x0000000080000000,0x0000000080f20690,0x0000000083600000)
 Metaspace       used 34544K, capacity 35400K, committed 35496K, reserved 1079296K
  class space    used 4851K, capacity 5160K, committed 5168K, reserved 1048576K

